<?xml version="1.0" encoding="UTF-8"?>
<testsuite xmlns:xsi="http://www.w3.org/2001/XMLSchema-instance" xsi:noNamespaceSchemaLocation="https://maven.apache.org/surefire/maven-surefire-plugin/xsd/surefire-test-report.xsd" version="3.0.2" name="br.com.erudio.unittests.mapper.ObjectMapperTests" time="0.321" tests="4" errors="0" skipped="0" failures="0">
  <properties>
[...]
</properties>
  <testcase name="parserDTOListToEntityListTest" classname="br.com.erudio.unittests.mapper.ObjectMapperTests" time="0.31">
    <system-out><![CDATA[2025-10-15T14:20:13.590-03:00  INFO 79992 --- [rest-with-spring-boot-and-java-erudio] [           main] c.g.dozermapper.core.util.RuntimeUtils   : OSGi support is false
2025-10-15T14:20:13.606-03:00  INFO 79992 --- [rest-with-spring-boot-and-java-erudio] [           main] c.g.d.core.DozerBeanMapperBuilder        : Initializing Dozer. Version: 7.0.0, Thread Name: main
2025-10-15T14:20:13.614-03:00  INFO 79992 --- [rest-with-spring-boot-and-java-erudio] [           main] d.c.c.r.LegacyPropertiesSettingsResolver : Trying to find Dozer configuration file: dozer.properties
2025-10-15T14:20:13.615-03:00  INFO 79992 --- [rest-with-spring-boot-and-java-erudio] [           main] d.c.c.r.LegacyPropertiesSettingsResolver : Failed to find dozer.properties via com.github.dozermapper.core.config.resolvers.LegacyPropertiesSettingsResolver.
2025-10-15T14:20:13.626-03:00  INFO 79992 --- [rest-with-spring-boot-and-java-erudio] [           main] c.g.d.core.el.ELExpressionFactory        : jakarta.el is not supported; Failed to resolve ExpressionFactory, com.sun.el.ExpressionFactoryImpl
]]></system-out>
  </testcase>
  <testcase name="parseEntityToDTOTest" classname="br.com.erudio.unittests.mapper.ObjectMapperTests" time="0.004"/>
  <testcase name="parseDTOToEntityTest" classname="br.com.erudio.unittests.mapper.ObjectMapperTests" time="0.001"/>
  <testcase name="parseEntityListToDTOListTest" classname="br.com.erudio.unittests.mapper.ObjectMapperTests" time="0.002"/>
</testsuite>