<?xml version="1.0" encoding="UTF-8"?>
<testsuite xmlns:xsi="http://www.w3.org/2001/XMLSchema-instance" xsi:noNamespaceSchemaLocation="https://maven.apache.org/surefire/maven-surefire-plugin/xsd/surefire-test-report.xsd" version="3.0.2" name="br.com.erudio.integrationtests.controllers.withyaml.AuthControllerYamlTest" time="30.125" tests="2" errors="2" skipped="0" failures="0">
  <properties>
[...]
</properties>
  <testcase name="signin" classname="br.com.erudio.integrationtests.controllers.withyaml.AuthControllerYamlTest" time="1.643">
    <error message="Connection refused: connect" type="java.net.ConnectException"><![CDATA[java.net.ConnectException: Connection refused: connect
	at java.base/sun.nio.ch.Net.connect0(Native Method)
	at java.base/sun.nio.ch.Net.connect(Net.java:546)
	at java.base/sun.nio.ch.Net.connect(Net.java:535)
	at java.base/sun.nio.ch.NioSocketImpl.connect(NioSocketImpl.java:585)
	at java.base/java.net.SocksSocketImpl.connect(SocksSocketImpl.java:284)
	at java.base/java.net.Socket.connect(Socket.java:659)
	at org.apache.http.conn.scheme.PlainSocketFactory.connectSocket(PlainSocketFactory.java:121)
	at org.apache.http.impl.conn.DefaultClientConnectionOperator.openConnection(DefaultClientConnectionOperator.java:180)
	at org.apache.http.impl.conn.ManagedClientConnectionImpl.open(ManagedClientConnectionImpl.java:326)
	at org.apache.http.impl.client.DefaultRequestDirector.tryConnect(DefaultRequestDirector.java:605)
	at org.apache.http.impl.client.DefaultRequestDirector.execute(DefaultRequestDirector.java:440)
	at org.apache.http.impl.client.AbstractHttpClient.doExecute(AbstractHttpClient.java:835)
	at org.apache.http.impl.client.CloseableHttpClient.execute(CloseableHttpClient.java:83)
	at io.restassured.internal.RestAssuredHttpBuilder.doRequest(RestAssuredHttpBuilder.java:141)
	at io.restassured.internal.http.HTTPBuilder.post(HTTPBuilder.java:349)
	at io.restassured.internal.http.HTTPBuilder$post$2.call(Unknown Source)
	at org.codehaus.groovy.runtime.callsite.CallSiteArray.defaultCall(CallSiteArray.java:45)
	at org.codehaus.groovy.runtime.callsite.AbstractCallSite.call(AbstractCallSite.java:125)
	at org.codehaus.groovy.runtime.callsite.AbstractCallSite.call(AbstractCallSite.java:148)
	at io.restassured.internal.RequestSpecificationImpl.sendRequest(RequestSpecificationImpl.groovy:1209)
	at io.restassured.internal.RequestSpecificationImpl.this$2$sendRequest(RequestSpecificationImpl.groovy)
	at java.base/jdk.internal.reflect.DirectMethodHandleAccessor.invoke(DirectMethodHandleAccessor.java:104)
	at java.base/java.lang.reflect.Method.invoke(Method.java:565)
	at org.codehaus.groovy.reflection.CachedMethod.invoke(CachedMethod.java:343)
	at groovy.lang.MetaMethod.doMethodInvoke(MetaMethod.java:328)
	at groovy.lang.MetaClassImpl.doInvokeMethod(MetaClassImpl.java:1333)
	at groovy.lang.MetaClassImpl.invokeMethod(MetaClassImpl.java:1088)
	at groovy.lang.MetaClassImpl.invokeMethod(MetaClassImpl.java:1007)
	at groovy.lang.MetaClassImpl.invokeMethod(MetaClassImpl.java:790)
	at io.restassured.internal.RequestSpecificationImpl.invokeMethod(RequestSpecificationImpl.groovy)
	at org.codehaus.groovy.runtime.callsite.PogoInterceptableSite.call(PogoInterceptableSite.java:46)
	at org.codehaus.groovy.runtime.callsite.CallSiteArray.defaultCall(CallSiteArray.java:45)
	at org.codehaus.groovy.runtime.callsite.AbstractCallSite.call(AbstractCallSite.java:125)
	at org.codehaus.groovy.runtime.callsite.AbstractCallSite.call(AbstractCallSite.java:166)
	at io.restassured.internal.filter.SendRequestFilter.filter(SendRequestFilter.groovy:30)
	at io.restassured.filter.Filter$filter.call(Unknown Source)
	at org.codehaus.groovy.runtime.callsite.CallSiteArray.defaultCall(CallSiteArray.java:45)
	at io.restassured.filter.Filter$filter$0.call(Unknown Source)
	at io.restassured.internal.filter.FilterContextImpl.next(FilterContextImpl.groovy:72)
	at io.restassured.filter.time.TimingFilter.filter(TimingFilter.java:56)
	at io.restassured.filter.Filter$filter$0.call(Unknown Source)
	at org.codehaus.groovy.runtime.callsite.CallSiteArray.defaultCall(CallSiteArray.java:45)
	at io.restassured.filter.Filter$filter.call(Unknown Source)
	at io.restassured.internal.filter.FilterContextImpl.next(FilterContextImpl.groovy:72)
	at io.restassured.filter.FilterContext$next.call(Unknown Source)
	at org.codehaus.groovy.runtime.callsite.CallSiteArray.defaultCall(CallSiteArray.java:45)
	at org.codehaus.groovy.runtime.callsite.AbstractCallSite.call(AbstractCallSite.java:125)
	at org.codehaus.groovy.runtime.callsite.AbstractCallSite.call(AbstractCallSite.java:148)
	at io.restassured.internal.filter.CsrfFilter.filter(CsrfFilter.groovy:70)
	at io.restassured.filter.Filter$filter.call(Unknown Source)
	at org.codehaus.groovy.runtime.callsite.CallSiteArray.defaultCall(CallSiteArray.java:45)
	at org.codehaus.groovy.runtime.callsite.AbstractCallSite.call(AbstractCallSite.java:125)
	at org.codehaus.groovy.runtime.callsite.AbstractCallSite.call(AbstractCallSite.java:157)
	at io.restassured.internal.filter.FilterContextImpl.next(FilterContextImpl.groovy:72)
	at io.restassured.filter.FilterContext$next.call(Unknown Source)
	at org.codehaus.groovy.runtime.callsite.CallSiteArray.defaultCall(CallSiteArray.java:45)
	at org.codehaus.groovy.runtime.callsite.AbstractCallSite.call(AbstractCallSite.java:125)
	at org.codehaus.groovy.runtime.callsite.AbstractCallSite.call(AbstractCallSite.java:148)
	at io.restassured.internal.RequestSpecificationImpl.applyPathParamsAndSendRequest(RequestSpecificationImpl.groovy:1704)
	at io.restassured.internal.RequestSpecificationImpl.this$2$applyPathParamsAndSendRequest(RequestSpecificationImpl.groovy)
	at java.base/jdk.internal.reflect.DirectMethodHandleAccessor.invoke(DirectMethodHandleAccessor.java:104)
	at java.base/java.lang.reflect.Method.invoke(Method.java:565)
	at org.codehaus.groovy.reflection.CachedMethod.invoke(CachedMethod.java:343)
	at groovy.lang.MetaMethod.doMethodInvoke(MetaMethod.java:328)
	at groovy.lang.MetaClassImpl.doInvokeMethod(MetaClassImpl.java:1333)
	at groovy.lang.MetaClassImpl.invokeMethod(MetaClassImpl.java:1088)
	at groovy.lang.MetaClassImpl.invokeMethod(MetaClassImpl.java:1007)
	at groovy.lang.MetaClassImpl.invokeMethod(MetaClassImpl.java:790)
	at io.restassured.internal.RequestSpecificationImpl.invokeMethod(RequestSpecificationImpl.groovy)
	at org.codehaus.groovy.runtime.callsite.PogoInterceptableSite.call(PogoInterceptableSite.java:46)
	at org.codehaus.groovy.runtime.callsite.PogoInterceptableSite.callCurrent(PogoInterceptableSite.java:57)
	at org.codehaus.groovy.runtime.callsite.CallSiteArray.defaultCallCurrent(CallSiteArray.java:49)
	at org.codehaus.groovy.runtime.callsite.AbstractCallSite.callCurrent(AbstractCallSite.java:171)
	at org.codehaus.groovy.runtime.callsite.AbstractCallSite.callCurrent(AbstractCallSite.java:203)
	at io.restassured.internal.RequestSpecificationImpl.applyPathParamsAndSendRequest(RequestSpecificationImpl.groovy:1710)
	at io.restassured.internal.RequestSpecificationImpl.this$2$applyPathParamsAndSendRequest(RequestSpecificationImpl.groovy)
	at java.base/jdk.internal.reflect.DirectMethodHandleAccessor.invoke(DirectMethodHandleAccessor.java:104)
	at java.base/java.lang.reflect.Method.invoke(Method.java:565)
	at org.codehaus.groovy.reflection.CachedMethod.invoke(CachedMethod.java:343)
	at groovy.lang.MetaMethod.doMethodInvoke(MetaMethod.java:328)
	at groovy.lang.MetaClassImpl.doInvokeMethod(MetaClassImpl.java:1333)
	at groovy.lang.MetaClassImpl.invokeMethod(MetaClassImpl.java:1088)
	at groovy.lang.MetaClassImpl.invokeMethod(MetaClassImpl.java:1007)
	at groovy.lang.MetaClassImpl.invokeMethod(MetaClassImpl.java:790)
	at io.restassured.internal.RequestSpecificationImpl.invokeMethod(RequestSpecificationImpl.groovy)
	at org.codehaus.groovy.runtime.callsite.PogoInterceptableSite.call(PogoInterceptableSite.java:46)
	at org.codehaus.groovy.runtime.callsite.PogoInterceptableSite.callCurrent(PogoInterceptableSite.java:57)
	at org.codehaus.groovy.runtime.callsite.CallSiteArray.defaultCallCurrent(CallSiteArray.java:49)
	at org.codehaus.groovy.runtime.callsite.AbstractCallSite.callCurrent(AbstractCallSite.java:171)
	at org.codehaus.groovy.runtime.callsite.AbstractCallSite.callCurrent(AbstractCallSite.java:203)
	at io.restassured.internal.RequestSpecificationImpl.post(RequestSpecificationImpl.groovy:176)
	at io.restassured.internal.RequestSpecificationImpl.post(RequestSpecificationImpl.groovy)
	at java.base/jdk.internal.reflect.DirectMethodHandleAccessor.invoke(DirectMethodHandleAccessor.java:104)
	at java.base/java.lang.reflect.Method.invoke(Method.java:565)
	at org.codehaus.groovy.reflection.CachedMethod.invoke(CachedMethod.java:343)
	at groovy.lang.MetaMethod.doMethodInvoke(MetaMethod.java:328)
	at groovy.lang.MetaClassImpl.doInvokeMethod(MetaClassImpl.java:1333)
	at groovy.lang.MetaClassImpl.invokeMethod(MetaClassImpl.java:1088)
	at groovy.lang.MetaClassImpl.invokeMethod(MetaClassImpl.java:1007)
	at groovy.lang.MetaClassImpl.invokeMethod(MetaClassImpl.java:790)
	at io.restassured.internal.RequestSpecificationImpl.invokeMethod(RequestSpecificationImpl.groovy)
	at org.codehaus.groovy.runtime.callsite.PogoInterceptableSite.call(PogoInterceptableSite.java:46)
	at org.codehaus.groovy.runtime.callsite.PogoInterceptableSite.callCurrent(PogoInterceptableSite.java:57)
	at org.codehaus.groovy.runtime.callsite.CallSiteArray.defaultCallCurrent(CallSiteArray.java:49)
	at org.codehaus.groovy.runtime.callsite.AbstractCallSite.callCurrent(AbstractCallSite.java:171)
	at org.codehaus.groovy.runtime.callsite.AbstractCallSite.callCurrent(AbstractCallSite.java:185)
	at io.restassured.internal.RequestSpecificationImpl.post(RequestSpecificationImpl.groovy:260)
	at io.restassured.internal.RequestSpecificationImpl.post(RequestSpecificationImpl.groovy)
	at br.com.erudio.integrationtests.controllers.withyaml.AuthControllerYamlTest.signin(AuthControllerYamlTest.java:54)
	at java.base/java.lang.reflect.Method.invoke(Method.java:565)
	at java.base/java.util.ArrayList.forEach(ArrayList.java:1604)
	at java.base/java.util.ArrayList.forEach(ArrayList.java:1604)
]]></error>
    <system-out><![CDATA[14:28:50.860 [main] INFO org.springframework.test.context.support.AnnotationConfigContextLoaderUtils -- Could not detect default configuration classes for test class [br.com.erudio.integrationtests.testcontainers.AbstractIntegrationTest]: AbstractIntegrationTest does not declare any static, non-private, non-final, nested classes annotated with @Configuration.
14:28:51.075 [main] INFO org.springframework.boot.test.context.SpringBootTestContextBootstrapper -- Found @SpringBootConfiguration br.com.erudio.Startup for test class br.com.erudio.integrationtests.controllers.withyaml.AuthControllerYamlTest
14:28:51.519 [main] INFO org.testcontainers.images.PullPolicy -- Image pull policy will be performed by: DefaultPullPolicy()
14:28:51.522 [main] INFO org.testcontainers.utility.ImageNameSubstitutor -- Image name substitution will be performed by: DefaultImageNameSubstitutor (composite of 'ConfigurationFileImageNameSubstitutor' and 'PrefixingImageNameSubstitutor')
14:28:51.615 [main] INFO org.springframework.boot.devtools.restart.RestartApplicationListener -- Restart disabled due to context in which it is running

  .   ____          _            __ _ _
 /\\ / ___'_ __ _ _(_)_ __  __ _ \ \ \ \
( ( )\___ | '_ | '_| | '_ \/ _` | \ \ \ \
 \\/  ___)| |_)| | | | | || (_| |  ) ) ) )
  '  |____| .__|_| |_|_| |_\__, | / / / /
 =========|_|==============|___/=/_/_/_/

 :: Spring Boot ::                (v3.4.1)

2025-10-15T14:28:52.102-03:00  INFO 5760 --- [rest-with-spring-boot-and-java-erudio] [ers-lifecycle-0] org.testcontainers.DockerClientFactory   : Testcontainers version: 1.20.4
2025-10-15T14:28:52.425-03:00  INFO 5760 --- [rest-with-spring-boot-and-java-erudio] [ers-lifecycle-0] o.t.d.DockerClientProviderStrategy       : Loaded org.testcontainers.dockerclient.NpipeSocketClientProviderStrategy from ~/.testcontainers.properties, will try it first
2025-10-15T14:28:52.847-03:00  INFO 5760 --- [rest-with-spring-boot-and-java-erudio] [ers-lifecycle-0] o.t.d.DockerClientProviderStrategy       : Found Docker environment with local Npipe socket (npipe:////./pipe/docker_engine)
2025-10-15T14:28:52.849-03:00  INFO 5760 --- [rest-with-spring-boot-and-java-erudio] [ers-lifecycle-0] org.testcontainers.DockerClientFactory   : Docker host IP address is localhost
2025-10-15T14:28:52.883-03:00  INFO 5760 --- [rest-with-spring-boot-and-java-erudio] [ers-lifecycle-0] org.testcontainers.DockerClientFactory   : Connected to docker: 
  Server Version: 28.4.0
  API Version: 1.51
  Operating System: Docker Desktop
  Total Memory: 3848 MB
  Labels: 
    com.docker.desktop.address=npipe://\\.\pipe\docker_cli
2025-10-15T14:28:52.972-03:00  INFO 5760 --- [rest-with-spring-boot-and-java-erudio] [ers-lifecycle-0] tc.testcontainers/ryuk:0.11.0            : Creating container for image: testcontainers/ryuk:0.11.0
2025-10-15T14:28:53.367-03:00  INFO 5760 --- [rest-with-spring-boot-and-java-erudio] [ers-lifecycle-0] tc.testcontainers/ryuk:0.11.0            : Container testcontainers/ryuk:0.11.0 is starting: 49d1fdc98b47aac42090da1448b74943c6b45defc0527db6368f3f6a4fe26f58
2025-10-15T14:28:53.928-03:00  INFO 5760 --- [rest-with-spring-boot-and-java-erudio] [ers-lifecycle-0] tc.testcontainers/ryuk:0.11.0            : Container testcontainers/ryuk:0.11.0 started in PT0.9563213S
2025-10-15T14:28:53.940-03:00  INFO 5760 --- [rest-with-spring-boot-and-java-erudio] [ers-lifecycle-0] o.t.utility.RyukResourceReaper           : Ryuk started - will monitor and terminate Testcontainers containers on JVM exit
2025-10-15T14:28:53.940-03:00  INFO 5760 --- [rest-with-spring-boot-and-java-erudio] [ers-lifecycle-0] org.testcontainers.DockerClientFactory   : Checking the system...
2025-10-15T14:28:53.941-03:00  INFO 5760 --- [rest-with-spring-boot-and-java-erudio] [ers-lifecycle-0] org.testcontainers.DockerClientFactory   : ✔︎ Docker server version should be at least 1.6.0
2025-10-15T14:28:53.944-03:00  INFO 5760 --- [rest-with-spring-boot-and-java-erudio] [ers-lifecycle-0] tc.mysql:9.1.0                           : Creating container for image: mysql:9.1.0
2025-10-15T14:28:54.157-03:00  INFO 5760 --- [rest-with-spring-boot-and-java-erudio] [ers-lifecycle-0] tc.mysql:9.1.0                           : Container mysql:9.1.0 is starting: 69b3006592821644fe658dda5c7491f6c762884e59c26981b085720cc32578c7
2025-10-15T14:28:54.516-03:00  INFO 5760 --- [rest-with-spring-boot-and-java-erudio] [ers-lifecycle-0] tc.mysql:9.1.0                           : Waiting for database connection to become available at jdbc:mysql://localhost:57523/test using query 'SELECT 1'
2025-10-15T14:29:09.896-03:00  INFO 5760 --- [rest-with-spring-boot-and-java-erudio] [ers-lifecycle-0] tc.mysql:9.1.0                           : Container mysql:9.1.0 started in PT15.9516642S
2025-10-15T14:29:09.896-03:00  INFO 5760 --- [rest-with-spring-boot-and-java-erudio] [ers-lifecycle-0] tc.mysql:9.1.0                           : Container is started (JDBC URL: jdbc:mysql://localhost:57523/test)
2025-10-15T14:29:09.905-03:00  INFO 5760 --- [rest-with-spring-boot-and-java-erudio] [           main] b.c.e.i.c.w.AuthControllerYamlTest       : Starting AuthControllerYamlTest using Java 25 with PID 5760 (started by joaoa in C:\Users\joaoa\OneDrive\Área de Trabalho\projetoJMJ\Back_End\ProjetoJMJ_SpringBoot)
2025-10-15T14:29:09.906-03:00  INFO 5760 --- [rest-with-spring-boot-and-java-erudio] [           main] b.c.e.i.c.w.AuthControllerYamlTest       : No active profile set, falling back to 1 default profile: "default"
2025-10-15T14:29:11.169-03:00  INFO 5760 --- [rest-with-spring-boot-and-java-erudio] [           main] .s.d.r.c.RepositoryConfigurationDelegate : Bootstrapping Spring Data JPA repositories in DEFAULT mode.
2025-10-15T14:29:11.290-03:00  INFO 5760 --- [rest-with-spring-boot-and-java-erudio] [           main] .s.d.r.c.RepositoryConfigurationDelegate : Finished Spring Data repository scanning in 110 ms. Found 3 JPA repository interfaces.
2025-10-15T14:29:12.115-03:00  INFO 5760 --- [rest-with-spring-boot-and-java-erudio] [           main] o.s.b.w.embedded.tomcat.TomcatWebServer  : Tomcat initialized with port 80 (http)
2025-10-15T14:29:12.136-03:00  INFO 5760 --- [rest-with-spring-boot-and-java-erudio] [           main] o.apache.catalina.core.StandardService   : Starting service [Tomcat]
2025-10-15T14:29:12.136-03:00  INFO 5760 --- [rest-with-spring-boot-and-java-erudio] [           main] o.apache.catalina.core.StandardEngine    : Starting Servlet engine: [Apache Tomcat/10.1.34]
2025-10-15T14:29:12.252-03:00  INFO 5760 --- [rest-with-spring-boot-and-java-erudio] [           main] o.a.c.c.C.[Tomcat].[localhost].[/]       : Initializing Spring embedded WebApplicationContext
2025-10-15T14:29:12.253-03:00  INFO 5760 --- [rest-with-spring-boot-and-java-erudio] [           main] w.s.c.ServletWebServerApplicationContext : Root WebApplicationContext: initialization completed in 2125 ms
2025-10-15T14:29:12.571-03:00  INFO 5760 --- [rest-with-spring-boot-and-java-erudio] [           main] com.zaxxer.hikari.HikariDataSource       : HikariPool-1 - Starting...
2025-10-15T14:29:12.874-03:00  INFO 5760 --- [rest-with-spring-boot-and-java-erudio] [           main] com.zaxxer.hikari.pool.HikariPool        : HikariPool-1 - Added connection com.mysql.cj.jdbc.ConnectionImpl@441aa7ae
2025-10-15T14:29:12.877-03:00  INFO 5760 --- [rest-with-spring-boot-and-java-erudio] [           main] com.zaxxer.hikari.HikariDataSource       : HikariPool-1 - Start completed.
2025-10-15T14:29:12.931-03:00  INFO 5760 --- [rest-with-spring-boot-and-java-erudio] [           main] org.flywaydb.core.FlywayExecutor         : Database: jdbc:mysql://localhost:57523/test (MySQL 9.1)
2025-10-15T14:29:13.005-03:00  WARN 5760 --- [rest-with-spring-boot-and-java-erudio] [           main] o.f.c.internal.database.base.Database    : Flyway upgrade recommended: MySQL 9.1 is newer than this version of Flyway and support has not been tested. The latest supported version of MySQL is 8.1.
2025-10-15T14:29:13.083-03:00  INFO 5760 --- [rest-with-spring-boot-and-java-erudio] [           main] o.f.c.i.s.JdbcTableSchemaHistory         : Schema history table `test`.`flyway_schema_history` does not exist yet
2025-10-15T14:29:13.089-03:00  INFO 5760 --- [rest-with-spring-boot-and-java-erudio] [           main] o.f.core.internal.command.DbValidate     : Successfully validated 18 migrations (execution time 00:00.070s)
2025-10-15T14:29:13.135-03:00  INFO 5760 --- [rest-with-spring-boot-and-java-erudio] [           main] o.f.c.i.s.JdbcTableSchemaHistory         : Creating Schema History table `test`.`flyway_schema_history` ...
2025-10-15T14:29:13.256-03:00  INFO 5760 --- [rest-with-spring-boot-and-java-erudio] [           main] o.f.core.internal.command.DbMigrate      : Current version of schema `test`: << Empty Schema >>
2025-10-15T14:29:13.274-03:00  INFO 5760 --- [rest-with-spring-boot-and-java-erudio] [           main] o.f.core.internal.command.DbMigrate      : Migrating schema `test` to version "1 - Create Table Person"
2025-10-15T14:29:13.308-03:00  WARN 5760 --- [rest-with-spring-boot-and-java-erudio] [           main] o.f.c.i.s.DefaultSqlScriptExecutor       : DB: Integer display width is deprecated and will be removed in a future release. (SQL State: HY000 - Error Code: 1681)
2025-10-15T14:29:13.362-03:00  INFO 5760 --- [rest-with-spring-boot-and-java-erudio] [           main] o.f.core.internal.command.DbMigrate      : Migrating schema `test` to version "2 - Populate Table Person"
2025-10-15T14:29:13.416-03:00  INFO 5760 --- [rest-with-spring-boot-and-java-erudio] [           main] o.f.core.internal.command.DbMigrate      : Migrating schema `test` to version "3 - Create Table Books"
2025-10-15T14:29:13.445-03:00  WARN 5760 --- [rest-with-spring-boot-and-java-erudio] [           main] o.f.c.i.s.DefaultSqlScriptExecutor       : DB: Integer display width is deprecated and will be removed in a future release. (SQL State: HY000 - Error Code: 1681)
2025-10-15T14:29:13.490-03:00  INFO 5760 --- [rest-with-spring-boot-and-java-erudio] [           main] o.f.core.internal.command.DbMigrate      : Migrating schema `test` to version "4 - Insert Data In Books"
2025-10-15T14:29:13.531-03:00  INFO 5760 --- [rest-with-spring-boot-and-java-erudio] [           main] o.f.core.internal.command.DbMigrate      : Migrating schema `test` to version "5 - Alter Table Person"
2025-10-15T14:29:13.627-03:00  INFO 5760 --- [rest-with-spring-boot-and-java-erudio] [           main] o.f.core.internal.command.DbMigrate      : Migrating schema `test` to version "6 - Populate Person With Many"
2025-10-15T14:29:13.719-03:00  INFO 5760 --- [rest-with-spring-boot-and-java-erudio] [           main] o.f.core.internal.command.DbMigrate      : Migrating schema `test` to version "7 - Populate Books With Many"
2025-10-15T14:29:13.778-03:00  INFO 5760 --- [rest-with-spring-boot-and-java-erudio] [           main] o.f.core.internal.command.DbMigrate      : Migrating schema `test` to version "8 - Alter Table Person Adding Photo And Wiki"
2025-10-15T14:29:13.950-03:00  INFO 5760 --- [rest-with-spring-boot-and-java-erudio] [           main] o.f.core.internal.command.DbMigrate      : Migrating schema `test` to version "9 - Inserting Wikipedia Url"
2025-10-15T14:29:14.049-03:00  INFO 5760 --- [rest-with-spring-boot-and-java-erudio] [           main] o.f.core.internal.command.DbMigrate      : Migrating schema `test` to version "10 - Inserting Photo Url"
2025-10-15T14:29:14.115-03:00  INFO 5760 --- [rest-with-spring-boot-and-java-erudio] [           main] o.f.core.internal.command.DbMigrate      : Migrating schema `test` to version "11 - Create Join Table Person Books"
2025-10-15T14:29:14.170-03:00  WARN 5760 --- [rest-with-spring-boot-and-java-erudio] [           main] o.f.c.i.s.DefaultSqlScriptExecutor       : DB: Integer display width is deprecated and will be removed in a future release. (SQL State: HY000 - Error Code: 1681)
2025-10-15T14:29:14.170-03:00  WARN 5760 --- [rest-with-spring-boot-and-java-erudio] [           main] o.f.c.i.s.DefaultSqlScriptExecutor       : DB: Integer display width is deprecated and will be removed in a future release. (SQL State: HY000 - Error Code: 1681)
2025-10-15T14:29:14.214-03:00  INFO 5760 --- [rest-with-spring-boot-and-java-erudio] [           main] o.f.core.internal.command.DbMigrate      : Migrating schema `test` to version "12 - Insert Data In Join Table Person Books"
2025-10-15T14:29:14.359-03:00  INFO 5760 --- [rest-with-spring-boot-and-java-erudio] [           main] o.f.core.internal.command.DbMigrate      : Migrating schema `test` to version "13 - Create Table Permission"
2025-10-15T14:29:14.383-03:00  WARN 5760 --- [rest-with-spring-boot-and-java-erudio] [           main] o.f.c.i.s.DefaultSqlScriptExecutor       : DB: Integer display width is deprecated and will be removed in a future release. (SQL State: HY000 - Error Code: 1681)
2025-10-15T14:29:14.412-03:00  INFO 5760 --- [rest-with-spring-boot-and-java-erudio] [           main] o.f.core.internal.command.DbMigrate      : Migrating schema `test` to version "14 - Insert Data In Permission"
2025-10-15T14:29:14.447-03:00  INFO 5760 --- [rest-with-spring-boot-and-java-erudio] [           main] o.f.core.internal.command.DbMigrate      : Migrating schema `test` to version "15 - Create Table Users"
2025-10-15T14:29:14.506-03:00  WARN 5760 --- [rest-with-spring-boot-and-java-erudio] [           main] o.f.c.i.s.DefaultSqlScriptExecutor       : DB: Integer display width is deprecated and will be removed in a future release. (SQL State: HY000 - Error Code: 1681)
2025-10-15T14:29:14.567-03:00  INFO 5760 --- [rest-with-spring-boot-and-java-erudio] [           main] o.f.core.internal.command.DbMigrate      : Migrating schema `test` to version "16 - Insert Data In Users"
2025-10-15T14:29:14.608-03:00  INFO 5760 --- [rest-with-spring-boot-and-java-erudio] [           main] o.f.core.internal.command.DbMigrate      : Migrating schema `test` to version "17 - Create Table User Permission"
2025-10-15T14:29:14.674-03:00  WARN 5760 --- [rest-with-spring-boot-and-java-erudio] [           main] o.f.c.i.s.DefaultSqlScriptExecutor       : DB: Integer display width is deprecated and will be removed in a future release. (SQL State: HY000 - Error Code: 1681)
2025-10-15T14:29:14.675-03:00  WARN 5760 --- [rest-with-spring-boot-and-java-erudio] [           main] o.f.c.i.s.DefaultSqlScriptExecutor       : DB: Integer display width is deprecated and will be removed in a future release. (SQL State: HY000 - Error Code: 1681)
2025-10-15T14:29:14.789-03:00  INFO 5760 --- [rest-with-spring-boot-and-java-erudio] [           main] o.f.core.internal.command.DbMigrate      : Migrating schema `test` to version "18 - Insert Data In User Permission"
2025-10-15T14:29:14.827-03:00  INFO 5760 --- [rest-with-spring-boot-and-java-erudio] [           main] o.f.core.internal.command.DbMigrate      : Successfully applied 18 migrations to schema `test`, now at version v18 (execution time 00:00.608s)
2025-10-15T14:29:14.975-03:00  INFO 5760 --- [rest-with-spring-boot-and-java-erudio] [           main] o.hibernate.jpa.internal.util.LogHelper  : HHH000204: Processing PersistenceUnitInfo [name: default]
2025-10-15T14:29:15.224-03:00  INFO 5760 --- [rest-with-spring-boot-and-java-erudio] [           main] org.hibernate.Version                    : HHH000412: Hibernate ORM core version 6.6.4.Final
2025-10-15T14:29:15.276-03:00  INFO 5760 --- [rest-with-spring-boot-and-java-erudio] [           main] o.h.c.internal.RegionFactoryInitiator    : HHH000026: Second-level cache disabled
2025-10-15T14:29:15.667-03:00  INFO 5760 --- [rest-with-spring-boot-and-java-erudio] [           main] o.s.o.j.p.SpringPersistenceUnitInfo      : No LoadTimeWeaver setup: ignoring JPA class transformer
2025-10-15T14:29:15.788-03:00  INFO 5760 --- [rest-with-spring-boot-and-java-erudio] [           main] org.hibernate.orm.connections.pooling    : HHH10001005: Database info:
	Database JDBC URL [Connecting through datasource 'HikariDataSource (HikariPool-1)']
	Database driver: undefined/unknown
	Database version: 9.1
	Autocommit mode: undefined/unknown
	Isolation level: undefined/unknown
	Minimum pool size: undefined/unknown
	Maximum pool size: undefined/unknown
2025-10-15T14:29:16.821-03:00  INFO 5760 --- [rest-with-spring-boot-and-java-erudio] [           main] o.h.e.t.j.p.i.JtaPlatformInitiator       : HHH000489: No JTA platform available (set 'hibernate.transaction.jta.platform' to enable JTA platform integration)
2025-10-15T14:29:16.825-03:00  INFO 5760 --- [rest-with-spring-boot-and-java-erudio] [           main] j.LocalContainerEntityManagerFactoryBean : Initialized JPA EntityManagerFactory for persistence unit 'default'
2025-10-15T14:29:17.150-03:00  INFO 5760 --- [rest-with-spring-boot-and-java-erudio] [           main] o.s.d.j.r.query.QueryEnhancerFactory     : Hibernate is in classpath; If applicable, HQL parser will be used.
2025-10-15T14:29:17.684-03:00  INFO 5760 --- [rest-with-spring-boot-and-java-erudio] [           main] r$InitializeUserDetailsManagerConfigurer : Global AuthenticationManager configured with UserDetailsService bean with name userService
2025-10-15T14:29:17.774-03:00  INFO 5760 --- [rest-with-spring-boot-and-java-erudio] [           main] b.c.erudio.services.FileStorageService   : Creating Directories
2025-10-15T14:29:18.613-03:00  INFO 5760 --- [rest-with-spring-boot-and-java-erudio] [           main] o.s.v.b.OptionalValidatorFactoryBean     : Failed to set up a Bean Validation provider: jakarta.validation.NoProviderFoundException: Unable to create a Configuration, because no Jakarta Bean Validation provider could be found. Add a provider like Hibernate Validator (RI) to your classpath.
2025-10-15T14:29:19.119-03:00  INFO 5760 --- [rest-with-spring-boot-and-java-erudio] [           main] o.s.b.w.embedded.tomcat.TomcatWebServer  : Tomcat started on port 80 (http) with context path '/'
2025-10-15T14:29:19.129-03:00  INFO 5760 --- [rest-with-spring-boot-and-java-erudio] [           main] b.c.e.i.c.w.AuthControllerYamlTest       : Started AuthControllerYamlTest in 27.534 seconds (process running for 29.337)
]]></system-out>
    <system-err><![CDATA[Mockito is currently self-attaching to enable the inline-mock-maker. This will no longer work in future releases of the JDK. Please add Mockito as an agent to your build what is described in Mockito's documentation: https://javadoc.io/doc/org.mockito/mockito-core/latest/org/mockito/Mockito.html#0.3
WARNING: A Java agent has been loaded dynamically (C:\Users\joaoa\.m2\repository\net\bytebuddy\byte-buddy-agent\1.15.11\byte-buddy-agent-1.15.11.jar)
WARNING: If a serviceability tool is in use, please run with -XX:+EnableDynamicAgentLoading to hide this warning
WARNING: If a serviceability tool is not in use, please run with -Djdk.instrument.traceUsage for more information
WARNING: Dynamic loading of agents will be disallowed by default in a future release
]]></system-err>
  </testcase>
  <testcase name="refreshToken" classname="br.com.erudio.integrationtests.controllers.withyaml.AuthControllerYamlTest" time="0.011">
    <error message="parameterValue cannot be null" type="java.lang.IllegalArgumentException"><![CDATA[java.lang.IllegalArgumentException: parameterValue cannot be null
	at java.base/jdk.internal.reflect.DirectConstructorHandleAccessor.newInstance(DirectConstructorHandleAccessor.java:62)
	at java.base/java.lang.reflect.Constructor.newInstanceWithCaller(Constructor.java:499)
	at java.base/java.lang.reflect.Constructor.newInstance(Constructor.java:483)
	at org.codehaus.groovy.reflection.CachedConstructor.invoke(CachedConstructor.java:73)
	at org.codehaus.groovy.reflection.CachedConstructor.doConstructorInvoke(CachedConstructor.java:60)
	at org.codehaus.groovy.runtime.callsite.ConstructorSite$ConstructorSiteNoUnwrap.callConstructor(ConstructorSite.java:86)
	at org.codehaus.groovy.runtime.callsite.CallSiteArray.defaultCallConstructor(CallSiteArray.java:57)
	at org.codehaus.groovy.runtime.callsite.AbstractCallSite.callConstructor(AbstractCallSite.java:263)
	at org.codehaus.groovy.runtime.callsite.AbstractCallSite.callConstructor(AbstractCallSite.java:277)
	at io.restassured.internal.common.assertion.AssertParameter.notNull(AssertParameter.groovy:26)
	at io.restassured.internal.common.assertion.AssertParameter$notNull.callStatic(Unknown Source)
	at org.codehaus.groovy.runtime.callsite.CallSiteArray.defaultCallStatic(CallSiteArray.java:53)
	at org.codehaus.groovy.runtime.callsite.AbstractCallSite.callStatic(AbstractCallSite.java:217)
	at org.codehaus.groovy.runtime.callsite.AbstractCallSite.callStatic(AbstractCallSite.java:240)
	at io.restassured.internal.RequestSpecificationImpl.pathParam(RequestSpecificationImpl.groovy:515)
	at br.com.erudio.integrationtests.controllers.withyaml.AuthControllerYamlTest.refreshToken(AuthControllerYamlTest.java:78)
	at java.base/java.lang.reflect.Method.invoke(Method.java:565)
	at java.base/java.util.ArrayList.forEach(ArrayList.java:1604)
	at java.base/java.util.ArrayList.forEach(ArrayList.java:1604)
]]></error>
  </testcase>
</testsuite>